{"/home/pandim/Desktop/Pandim-Codes/arnia/Maio/arnia-class/ifit/src/database/entities/personal-trainer.entity.ts": {"path":"/home/pandim/Desktop/Pandim-Codes/arnia/Maio/arnia-class/ifit/src/database/entities/personal-trainer.entity.ts","statementMap":{"0":{"start":{"line":1,"column":0},"end":{"line":1,"column":44}},"1":{"start":{"line":5,"column":38},"end":{"line":19,"column":null}},"2":{"start":{"line":22,"column":24},"end":{"line":24,"column":null}},"3":{"start":{"line":27,"column":0},"end":{"line":27,"column":31}}},"fnMap":{},"branchMap":{},"s":{"0":2,"1":2,"2":2,"3":2},"f":{},"b":{}}
,"/home/pandim/Desktop/Pandim-Codes/arnia/Maio/arnia-class/ifit/src/database/repositories/personal-trainer.repository.ts": {"path":"/home/pandim/Desktop/Pandim-Codes/arnia/Maio/arnia-class/ifit/src/database/repositories/personal-trainer.repository.ts","statementMap":{"0":{"start":{"line":3,"column":0},"end":{"line":3,"column":66}},"1":{"start":{"line":7,"column":4},"end":{"line":7,"column":49}},"2":{"start":{"line":11,"column":4},"end":{"line":11,"column":69}},"3":{"start":{"line":15,"column":4},"end":{"line":15,"column":77}},"4":{"start":{"line":19,"column":4},"end":{"line":21,"column":6}},"5":{"start":{"line":25,"column":4},"end":{"line":31,"column":13}},"6":{"start":{"line":35,"column":4},"end":{"line":41,"column":13}},"7":{"start":{"line":45,"column":13},"end":{"line":45,"column":73}}},"fnMap":{"0":{"name":"(anonymous_8)","decl":{"start":{"line":6,"column":8},"end":{"line":6,"column":14}},"loc":{"start":{"line":6,"column":40},"end":{"line":8,"column":null}}},"1":{"name":"(anonymous_10)","decl":{"start":{"line":10,"column":8},"end":{"line":10,"column":12}},"loc":{"start":{"line":10,"column":25},"end":{"line":12,"column":null}}},"2":{"name":"(anonymous_12)","decl":{"start":{"line":14,"column":8},"end":{"line":14,"column":16}},"loc":{"start":{"line":14,"column":27},"end":{"line":16,"column":null}}},"3":{"name":"(anonymous_14)","decl":{"start":{"line":18,"column":8},"end":{"line":18,"column":19}},"loc":{"start":{"line":18,"column":33},"end":{"line":22,"column":null}}},"4":{"name":"(anonymous_16)","decl":{"start":{"line":24,"column":8},"end":{"line":24,"column":14}},"loc":{"start":{"line":24,"column":58},"end":{"line":32,"column":null}}},"5":{"name":"(anonymous_18)","decl":{"start":{"line":34,"column":8},"end":{"line":34,"column":14}},"loc":{"start":{"line":34,"column":25},"end":{"line":42,"column":null}}}},"branchMap":{},"s":{"0":2,"1":0,"2":0,"3":0,"4":0,"5":0,"6":0,"7":2},"f":{"0":0,"1":0,"2":0,"3":0,"4":0,"5":0},"b":{}}
,"/home/pandim/Desktop/Pandim-Codes/arnia/Maio/arnia-class/ifit/src/services/personal-trainers/create-personal-trainer.service.ts": {"path":"/home/pandim/Desktop/Pandim-Codes/arnia/Maio/arnia-class/ifit/src/services/personal-trainers/create-personal-trainer.service.ts","statementMap":{"0":{"start":{"line":1,"column":0},"end":{"line":1,"column":35}},"1":{"start":{"line":3,"column":0},"end":{"line":3,"column":100}},"2":{"start":{"line":7,"column":2},"end":{"line":30,"column":null}},"3":{"start":{"line":8,"column":25},"end":{"line":8,"column":32}},"4":{"start":{"line":10,"column":17},"end":{"line":12,"column":null}},"5":{"start":{"line":15,"column":31},"end":{"line":15,"column":78}},"6":{"start":{"line":17,"column":4},"end":{"line":21,"column":6}},"7":{"start":{"line":23,"column":4},"end":{"line":23,"column":23}},"8":{"start":{"line":25,"column":4},"end":{"line":29,"column":6}},"9":{"start":{"line":6,"column":0},"end":{"line":6,"column":22}}},"fnMap":{"0":{"name":"createPersonalTrainerService","decl":{"start":{"line":6,"column":22},"end":{"line":6,"column":50}},"loc":{"start":{"line":6,"column":76},"end":{"line":31,"column":null}}}},"branchMap":{"0":{"loc":{"start":{"line":26,"column":18},"end":{"line":26,"column":43}},"type":"cond-expr","locations":[{"start":{"line":26,"column":34},"end":{"line":26,"column":37}},{"start":{"line":26,"column":40},"end":{"line":26,"column":43}}]},"1":{"loc":{"start":{"line":27,"column":15},"end":{"line":27,"column":56}},"type":"binary-expr","locations":[{"start":{"line":27,"column":15},"end":{"line":27,"column":28}},{"start":{"line":27,"column":32},"end":{"line":27,"column":56}}]}},"s":{"0":1,"1":1,"2":1,"3":1,"4":1,"5":1,"6":1,"7":0,"8":0,"9":1},"f":{"0":1},"b":{"0":[0,0],"1":[0,0]}}
,"/home/pandim/Desktop/Pandim-Codes/arnia/Maio/arnia-class/ifit/src/services/personal-trainers/find-all-personal-trainers.service.ts": {"path":"/home/pandim/Desktop/Pandim-Codes/arnia/Maio/arnia-class/ifit/src/services/personal-trainers/find-all-personal-trainers.service.ts","statementMap":{"0":{"start":{"line":1,"column":0},"end":{"line":1,"column":100}},"1":{"start":{"line":5,"column":2},"end":{"line":32,"column":null}},"2":{"start":{"line":6,"column":16},"end":{"line":6,"column":38}},"3":{"start":{"line":8,"column":4},"end":{"line":14,"column":null}},"4":{"start":{"line":9,"column":6},"end":{"line":13,"column":8}},"5":{"start":{"line":17,"column":6},"end":{"line":17,"column":50}},"6":{"start":{"line":19,"column":4},"end":{"line":23,"column":6}},"7":{"start":{"line":25,"column":4},"end":{"line":25,"column":23}},"8":{"start":{"line":27,"column":4},"end":{"line":31,"column":6}},"9":{"start":{"line":4,"column":0},"end":{"line":4,"column":22}}},"fnMap":{"0":{"name":"findAllPersonalTrainersService","decl":{"start":{"line":4,"column":22},"end":{"line":4,"column":52}},"loc":{"start":{"line":4,"column":64},"end":{"line":33,"column":null}}}},"branchMap":{"0":{"loc":{"start":{"line":8,"column":4},"end":{"line":14,"column":null}},"type":"if","locations":[{"start":{"line":8,"column":4},"end":{"line":14,"column":null}}]},"1":{"loc":{"start":{"line":8,"column":8},"end":{"line":8,"column":30}},"type":"binary-expr","locations":[{"start":{"line":8,"column":8},"end":{"line":8,"column":11}},{"start":{"line":8,"column":15},"end":{"line":8,"column":30}}]},"2":{"loc":{"start":{"line":28,"column":18},"end":{"line":28,"column":43}},"type":"cond-expr","locations":[{"start":{"line":28,"column":34},"end":{"line":28,"column":37}},{"start":{"line":28,"column":40},"end":{"line":28,"column":43}}]},"3":{"loc":{"start":{"line":29,"column":15},"end":{"line":29,"column":56}},"type":"binary-expr","locations":[{"start":{"line":29,"column":15},"end":{"line":29,"column":28}},{"start":{"line":29,"column":32},"end":{"line":29,"column":56}}]}},"s":{"0":1,"1":1,"2":1,"3":1,"4":0,"5":1,"6":1,"7":0,"8":0,"9":1},"f":{"0":1},"b":{"0":[0],"1":[1,0],"2":[0,0],"3":[0,0]}}
}
