TN:
SF:src/database/entities/personal-trainer.entity.ts
FNF:0
FNH:0
DA:1,2
DA:5,2
DA:22,2
DA:27,2
LF:4
LH:4
BRF:0
BRH:0
end_of_record
TN:
SF:src/database/repositories/personal-trainer.repository.ts
FN:6,(anonymous_8)
FN:10,(anonymous_10)
FN:14,(anonymous_12)
FN:18,(anonymous_14)
FN:24,(anonymous_16)
FN:34,(anonymous_18)
FNF:6
FNH:0
FNDA:0,(anonymous_8)
FNDA:0,(anonymous_10)
FNDA:0,(anonymous_12)
FNDA:0,(anonymous_14)
FNDA:0,(anonymous_16)
FNDA:0,(anonymous_18)
DA:3,2
DA:7,0
DA:11,0
DA:15,0
DA:19,0
DA:25,0
DA:35,0
DA:45,2
LF:8
LH:2
BRF:0
BRH:0
end_of_record
TN:
SF:src/services/personal-trainers/create-personal-trainer.service.ts
FN:6,createPersonalTrainerService
FNF:1
FNH:1
FNDA:1,createPersonalTrainerService
DA:1,1
DA:3,1
DA:6,1
DA:7,1
DA:8,1
DA:10,1
DA:15,1
DA:17,1
DA:23,0
DA:25,0
LF:10
LH:8
BRDA:26,0,0,0
BRDA:26,0,1,0
BRDA:27,1,0,0
BRDA:27,1,1,0
BRF:4
BRH:0
end_of_record
TN:
SF:src/services/personal-trainers/find-all-personal-trainers.service.ts
FN:4,findAllPersonalTrainersService
FNF:1
FNH:1
FNDA:1,findAllPersonalTrainersService
DA:1,1
DA:4,1
DA:5,1
DA:6,1
DA:8,1
DA:9,0
DA:17,1
DA:19,1
DA:25,0
DA:27,0
LF:10
LH:7
BRDA:8,0,0,0
BRDA:8,1,0,1
BRDA:8,1,1,0
BRDA:28,2,0,0
BRDA:28,2,1,0
BRDA:29,3,0,0
BRDA:29,3,1,0
BRF:7
BRH:1
end_of_record
